Donica_Launcher0523/build/outputs/logs/manifest-merger-debug-report.txt
-- Merging decision tree log ---
manifest
ADDED from Launcher2\Donica_Launcher0523\AndroidManifest.xml:2:1-64:12
	package
		ADDED from Launcher2\Donica_Launcher0523\AndroidManifest.xml:3:5-38
	android:versionName
		ADDED from Launcher2\Donica_Launcher0523\AndroidManifest.xml:5:5-30
		INJECTED from Launcher2\Donica_Launcher0523\AndroidManifest.xml
		INJECTED from Launcher2\Donica_Launcher0523\AndroidManifest.xml
	android:versionCode
		ADDED from Launcher2\Donica_Launcher0523\AndroidManifest.xml:4:5-28
		INJECTED from Launcher2\Donica_Launcher0523\AndroidManifest.xml
		INJECTED from Launcher2\Donica_Launcher0523\AndroidManifest.xml
	xmlns:android
		ADDED from Launcher2\Donica_Launcher0523\AndroidManifest.xml:2:11-69
uses-sdk
ADDED from Launcher2\Donica_Launcher0523\AndroidManifest.xml:7:5-9:41
	android:targetSdkVersion
		ADDED from Launcher2\Donica_Launcher0523\AndroidManifest.xml:9:9-38
	android:minSdkVersion
		ADDED from Launcher2\Donica_Launcher0523\AndroidManifest.xml:8:9-35
uses-permission#android.permission.WRITE_EXTERNAL_STORAGE
ADDED from Launcher2\Donica_Launcher0523\AndroidManifest.xml:11:5-81
	android:name
		ADDED from Launcher2\Donica_Launcher0523\AndroidManifest.xml:11:22-78
uses-permission#android.permission.MOUNT_UNMOUNT_FILESYSTEMS
ADDED from Launcher2\Donica_Launcher0523\AndroidManifest.xml:12:5-84
	android:name
		ADDED from Launcher2\Donica_Launcher0523\AndroidManifest.xml:12:22-81
uses-permission#android.permission.READ_CONTACTS
ADDED from Launcher2\Donica_Launcher0523\AndroidManifest.xml:13:5-72
	android:name
		ADDED from Launcher2\Donica_Launcher0523\AndroidManifest.xml:13:22-69
uses-permission#android.permission.WRITE_CONTACTS
ADDED from Launcher2\Donica_Launcher0523\AndroidManifest.xml:14:5-73
	android:name
		ADDED from Launcher2\Donica_Launcher0523\AndroidManifest.xml:14:22-70
uses-permission#android.permission.WRITE_SETTINGS
ADDED from Launcher2\Donica_Launcher0523\AndroidManifest.xml:15:5-73
	android:name
		ADDED from Launcher2\Donica_Launcher0523\AndroidManifest.xml:15:22-70
uses-permission#android.permission.READ_EXTERNAL_STORAGE
ADDED from Launcher2\Donica_Launcher0523\AndroidManifest.xml:16:5-80
	android:name
		ADDED from Launcher2\Donica_Launcher0523\AndroidManifest.xml:16:22-77
uses-permission#android.permission.CHANGE_CONFIGURATION
ADDED from Launcher2\Donica_Launcher0523\AndroidManifest.xml:17:5-79
	android:name
		ADDED from Launcher2\Donica_Launcher0523\AndroidManifest.xml:17:22-76
application
ADDED from Launcher2\Donica_Launcher0523\AndroidManifest.xml:19:5-61:19
	android:label
		ADDED from Launcher2\Donica_Launcher0523\AndroidManifest.xml:23:9-41
	android:allowBackup
		ADDED from Launcher2\Donica_Launcher0523\AndroidManifest.xml:21:9-35
	android:icon
		ADDED from Launcher2\Donica_Launcher0523\AndroidManifest.xml:22:9-38
	android:name
		ADDED from Launcher2\Donica_Launcher0523\AndroidManifest.xml:20:9-40
activity#cn.donica.slcd.launcher.MainActivity
ADDED from Launcher2\Donica_Launcher0523\AndroidManifest.xml:24:9-35:20
	android:label
		ADDED from Launcher2\Donica_Launcher0523\AndroidManifest.xml:26:13-45
	android:name
		ADDED from Launcher2\Donica_Launcher0523\AndroidManifest.xml:25:13-64
intent-filter#android.intent.action.MAIN+android.intent.category.DEFAULT+android.intent.category.HOME+android.intent.category.LAUNCHER+android.intent.category.MONKEY
ADDED from Launcher2\Donica_Launcher0523\AndroidManifest.xml:27:13-34:29
action#android.intent.action.MAIN
ADDED from Launcher2\Donica_Launcher0523\AndroidManifest.xml:28:17-69
	android:name
		ADDED from Launcher2\Donica_Launcher0523\AndroidManifest.xml:28:25-66
category#android.intent.category.HOME
ADDED from Launcher2\Donica_Launcher0523\AndroidManifest.xml:30:17-73
	android:name
		ADDED from Launcher2\Donica_Launcher0523\AndroidManifest.xml:30:27-70
category#android.intent.category.LAUNCHER
ADDED from Launcher2\Donica_Launcher0523\AndroidManifest.xml:31:17-77
	android:name
		ADDED from Launcher2\Donica_Launcher0523\AndroidManifest.xml:31:27-74
category#android.intent.category.DEFAULT
ADDED from Launcher2\Donica_Launcher0523\AndroidManifest.xml:32:17-76
	android:name
		ADDED from Launcher2\Donica_Launcher0523\AndroidManifest.xml:32:27-73
category#android.intent.category.MONKEY
ADDED from Launcher2\Donica_Launcher0523\AndroidManifest.xml:33:17-75
	android:name
		ADDED from Launcher2\Donica_Launcher0523\AndroidManifest.xml:33:27-72
provider#cn.donica.slcd.launcher.AppsContentProvider
ADDED from Launcher2\Donica_Launcher0523\AndroidManifest.xml:36:9-39:39
	android:authorities
		ADDED from Launcher2\Donica_Launcher0523\AndroidManifest.xml:38:13-74
	android:exported
		ADDED from Launcher2\Donica_Launcher0523\AndroidManifest.xml:39:13-36
	android:name
		ADDED from Launcher2\Donica_Launcher0523\AndroidManifest.xml:37:13-71
receiver#cn.donica.slcd.launcher.InstallOrUninstallReceiver
ADDED from Launcher2\Donica_Launcher0523\AndroidManifest.xml:41:9-58:20
	android:label
		ADDED from Launcher2\Donica_Launcher0523\AndroidManifest.xml:43:13-45
	android:name
		ADDED from Launcher2\Donica_Launcher0523\AndroidManifest.xml:42:13-78
intent-filter#android.intent.action.BOOT_COMPLETED+android.intent.category.LAUNCHER
ADDED from Launcher2\Donica_Launcher0523\AndroidManifest.xml:44:13-47:29
action#android.intent.action.BOOT_COMPLETED
ADDED from Launcher2\Donica_Launcher0523\AndroidManifest.xml:45:17-79
	android:name
		ADDED from Launcher2\Donica_Launcher0523\AndroidManifest.xml:45:25-76
action#android.intent.category.LAUNCHER
ADDED from Launcher2\Donica_Launcher0523\AndroidManifest.xml:46:17-75
	android:name
		ADDED from Launcher2\Donica_Launcher0523\AndroidManifest.xml:46:25-72
intent-filter#android.intent.action.PACKAGE_ADDED+android.intent.action.PACKAGE_REMOVED+android.intent.action.PACKAGE_REPLACED
ADDED from Launcher2\Donica_Launcher0523\AndroidManifest.xml:48:13-57:29
action#android.intent.action.PACKAGE_REPLACED
ADDED from Launcher2\Donica_Launcher0523\AndroidManifest.xml:50:32-96
	android:name
		ADDED from Launcher2\Donica_Launcher0523\AndroidManifest.xml:50:40-93
action#android.intent.action.PACKAGE_ADDED
ADDED from Launcher2\Donica_Launcher0523\AndroidManifest.xml:53:17-78
	android:name
		ADDED from Launcher2\Donica_Launcher0523\AndroidManifest.xml:53:25-75
action#android.intent.action.PACKAGE_REMOVED
ADDED from Launcher2\Donica_Launcher0523\AndroidManifest.xml:55:17-80
	android:name
		ADDED from Launcher2\Donica_Launcher0523\AndroidManifest.xml:55:25-77
data
ADDED from Launcher2\Donica_Launcher0523\AndroidManifest.xml:56:17-50
	android:scheme
		ADDED from Launcher2\Donica_Launcher0523\AndroidManifest.xml:56:23-47